# JRE version: Java(TM) SE Runtime Environment 18.9 (11.0.10+8) (build 11.0.10+8-LTS-162)
# Java VM: Java HotSpot(TM) 64-Bit Server VM 18.9 (11.0.10+8-LTS-162, mixed mode, tiered, compressed oops, g1 gc, windows-amd64)
Heap:
 garbage-first heap   total 157696K, used 39505K [0x0000000081e00000, 0x0000000100000000)
  region size 1024K, 27 young (27648K), 10 survivors (10240K)
 Metaspace       used 53863K, capacity 55130K, committed 55244K, reserved 1097728K
  class space    used 6574K, capacity 7082K, committed 7168K, reserved 1048576K
GC Heap History (10 events):
Event: 7.657 GC heap before
{Heap before GC invocations=4 (full 0):
 garbage-first heap   total 131072K, used 85324K [0x0000000081e00000, 0x0000000100000000)
  region size 1024K, 76 young (77824K), 6 survivors (6144K)
 Metaspace       used 33874K, capacity 34841K, committed 35072K, reserved 1079296K
  class space    used 4111K, capacity 4489K, committed 4608K, reserved 1048576K
}
Event: 7.673 GC heap after
{Heap after GC invocations=5 (full 0):
 garbage-first heap   total 131072K, used 15430K [0x0000000081e00000, 0x0000000100000000)
  region size 1024K, 4 young (4096K), 4 survivors (4096K)
 Metaspace       used 33874K, capacity 34841K, committed 35072K, reserved 1079296K
  class space    used 4111K, capacity 4489K, committed 4608K, reserved 1048576K
}
Event: 10.062 GC heap before
{Heap before GC invocations=5 (full 0):
 garbage-first heap   total 131072K, used 27718K [0x0000000081e00000, 0x0000000100000000)
  region size 1024K, 17 young (17408K), 4 survivors (4096K)
 Metaspace       used 34856K, capacity 35818K, committed 35840K, reserved 1081344K
  class space    used 4219K, capacity 4603K, committed 4608K, reserved 1048576K
}
Event: 10.072 GC heap after
{Heap after GC invocations=6 (full 0):
 garbage-first heap   total 157696K, used 15688K [0x0000000081e00000, 0x0000000100000000)
  region size 1024K, 5 young (5120K), 5 survivors (5120K)
 Metaspace       used 34856K, capacity 35818K, committed 35840K, reserved 1081344K
  class space    used 4219K, capacity 4603K, committed 4608K, reserved 1048576K
}
Event: 11.000 GC heap before
{Heap before GC invocations=7 (full 0):
 garbage-first heap   total 157696K, used 98632K [0x0000000081e00000, 0x0000000100000000)
  region size 1024K, 87 young (89088K), 5 survivors (5120K)
 Metaspace       used 36519K, capacity 37494K, committed 37580K, reserved 1081344K
  class space    used 4377K, capacity 4788K, committed 4864K, reserved 1048576K
}
Event: 11.014 GC heap after
{Heap after GC invocations=8 (full 0):
 garbage-first heap   total 157696K, used 17300K [0x0000000081e00000, 0x0000000100000000)
  region size 1024K, 6 young (6144K), 6 survivors (6144K)
 Metaspace       used 36519K, capacity 37494K, committed 37580K, reserved 1081344K
  class space    used 4377K, capacity 4788K, committed 4864K, reserved 1048576K
}
Event: 14.534 GC heap before
{Heap before GC invocations=8 (full 0):
 garbage-first heap   total 157696K, used 105364K [0x0000000081e00000, 0x0000000100000000)
  region size 1024K, 92 young (94208K), 6 survivors (6144K)
 Metaspace       used 42613K, capacity 43760K, committed 43980K, reserved 1087488K
  class space    used 5321K, capacity 5795K, committed 5888K, reserved 1048576K
}
Event: 14.555 GC heap after
{Heap after GC invocations=9 (full 0):
 garbage-first heap   total 157696K, used 19949K [0x0000000081e00000, 0x0000000100000000)
  region size 1024K, 9 young (9216K), 9 survivors (9216K)
 Metaspace       used 42613K, capacity 43760K, committed 43980K, reserved 1087488K
  class space    used 5321K, capacity 5795K, committed 5888K, reserved 1048576K
}
Event: 19.113 GC heap before
{Heap before GC invocations=9 (full 0):
 garbage-first heap   total 157696K, used 103917K [0x0000000081e00000, 0x0000000100000000)
  region size 1024K, 92 young (94208K), 9 survivors (9216K)
 Metaspace       used 51915K, capacity 53231K, committed 53452K, reserved 1095680K
  class space    used 6320K, capacity 6854K, committed 6912K, reserved 1048576K
}
Event: 19.134 GC heap after
{Heap after GC invocations=10 (full 0):
 garbage-first heap   total 157696K, used 24145K [0x0000000081e00000, 0x0000000100000000)
  region size 1024K, 10 young (10240K), 10 survivors (10240K)
 Metaspace       used 51915K, capacity 53231K, committed 53452K, reserved 1095680K
  class space    used 6320K, capacity 6854K, committed 6912K, reserved 1048576K
}

